ordinal_pos,id,isafe,freq,tier
28,4857,0.000190268204533,0.51,2
35,6014,0.000349968834101,0.03,2
40,6914,0.000190268204533,0.51,2
47,8524,0.000324396408838,0.08,2
50,9031,0.000117473170446,0.52,2
75,13505,0.000349968834101,0.03,2
79,14230,0.00349700050323,0.03,2
86,15744,0.000555014129797,0.095,2
103,18054,0.000114786800198,0.54,2
104,18061,0.00349700050323,0.03,2
161,29642,0.000379315668517,0.395,2
171,31573,0.000167238267103,0.02,2
182,34281,0.000244818221474,0.36,2
186,35541,0.0013674888759,0.05,2
236,45428,0.000227849739216,0.415,2
252,47356,0.000656232368603,0.08,1
266,49051,0.000800455903362,0.03,2
281,52168,0.0013674888759,0.05,2
319,59435,0.00349700050323,0.03,2
329,61671,0.000546596984766,0.075,1
331,62022,0.00349700050323,0.03,2
372,70153,0.000480448623023,0.08,2
385,72987,0.00349700050323,0.03,2
398,76337,0.000345846493591,0.05,2
402,77449,0.000345846493591,0.05,2
451,87432,0.00349700050323,0.03,2
452,87513,0.000259965789649,0.095,2
453,87529,0.000259965789649,0.095,2
458,87915,0.000259965789649,0.095,2
461,88165,0.000349968834101,0.03,2
481,90398,0.000345846493591,0.05,2
485,91218,0.000189522904369,0.03,2
495,92349,0.000345846493591,0.05,2
524,97970,0.000345846493591,0.05,2
542,101044,0.00148976400007,0.865,2
558,104447,0.000757355448125,0.145,2
573,107339,0.00349700050323,0.03,2
584,109389,0.00218849320132,0.475,2
588,109845,0.00534596243223,0.08,2
617,113976,0.00534596243223,0.08,2
620,114446,0.00534596243223,0.08,2
631,115811,0.00534596243223,0.08,2
703,128196,0.00165647598752,0.075,2
705,128283,0.00042352810612,0.115,2
723,129843,0.000591801333572,0.08,2
738,132685,0.00086670248008,0.075,1
744,134440,0.00360723490621,0.05,2
750,134735,0.000377863120966,0.12,2
784,139847,0.00110344021512,0.05,1
787,140359,0.00938320330006,0.2,2
791,140942,0.00822509448454,0.08,2
803,143476,0.00253632780644,0.765,2
807,144454,0.00373803957025,0.725,1
810,144686,0.00373803957025,0.725,2
880,156536,0.000430615474075,0.13,2
897,159745,0.000459296849963,0.125,2
902,160238,0.000459296849963,0.125,2
933,167382,0.000469160575277,0.09,2
937,168407,0.000549000405642,0.35,2
946,170413,0.000525316539294,0.34,2
958,171480,0.000525316539294,0.34,2
962,172204,0.000459296849963,0.125,2
966,172635,0.00056222442804,0.405,2
982,175316,0.00399757022839,0.905,2
986,176288,0.00947091339039,0.93,1
991,177575,0.000159658011335,0.045,2
1021,182709,0.0010507513507,0.185,2
1022,182716,0.00110553188825,0.87,2
1034,184604,0.0010507513507,0.185,2
1055,187355,0.000669124029237,0.1,2
1058,187567,0.000936849182521,0.035,2
1101,194343,0.000669124029237,0.1,2
1102,194532,0.00113333213724,0.165,2
1106,194936,0.00109945348973,0.145,2
1114,196261,0.00186003649609,0.035,2
1124,198497,0.00101208635653,0.5,2
1125,198776,0.000426030725884,0.56,2
1155,203085,0.00065168385347,0.095,2
1158,203569,0.00065168385347,0.095,2
1161,203851,0.00126889298178,0.59,2
1165,204205,0.00065168385347,0.095,2
1172,206310,0.000974270094936,0.1,2
1180,208010,0.00100736129868,0.43,2
1188,209412,0.000974270094936,0.1,2
1198,211443,0.00515085484707,0.07,2
1229,217861,0.00704222597316,0.81,2
1231,217942,0.00704222597316,0.81,2
1235,219001,0.00164494966261,0.04,1
1238,219340,0.00704222597316,0.81,2
1239,219558,0.00704222597316,0.81,2
1253,224069,0.00106731601821,0.05,1
1262,225931,0.000556342564116,0.6,2
1264,226044,0.000556342564116,0.6,2
1268,226696,0.00164494966261,0.04,2
1270,226808,0.00164494966261,0.04,2
1286,228982,0.00164494966261,0.04,2
1291,229335,0.00164494966261,0.04,2
1311,233029,0.00129279662667,0.68,2
1313,233221,0.00129279662667,0.68,2
1314,233305,0.00129279662667,0.68,2
1317,233395,0.00129279662667,0.68,2
1321,233574,0.00129279662667,0.68,2
1333,234697,0.00164494966261,0.04,2
1375,242153,0.00230671830676,0.185,2
1415,247257,0.00219257018515,0.37,2
1472,255010,0.000849692249372,0.31,2
1490,257712,0.00515085484707,0.07,1
1491,258107,0.00515085484707,0.07,2
1522,264005,0.00142435697425,0.045,2
1523,264287,0.00142435697425,0.045,2
1536,265951,0.000285062847033,0.05,2
1571,272015,0.000832178496534,0.57,2
1572,272344,0.00183790043292,0.14,2
1576,272481,0.000832178496534,0.57,2
1581,273479,0.00157143369603,0.865,2
1589,275181,0.00157143369603,0.865,2
1591,275463,0.00157143369603,0.865,2
1605,277050,0.00183790043292,0.14,2
1627,279364,0.00183790043292,0.14,2
1629,280160,0.00183790043292,0.14,2
1642,280980,0.00183790043292,0.14,2
1644,281450,0.00183790043292,0.14,2
1645,281589,0.00149031817746,0.145,2
1691,287587,0.00109883559949,0.085,2
1713,289706,0.0072383340528,0.04,1
1725,292628,0.00105190404572,0.23,2
1767,300734,0.00569193743325,0.06,2
1774,302247,0.00105190404572,0.23,2
1779,303439,0.00100782080232,0.035,2
1796,306278,0.00132911456527,0.54,2
1803,307469,0.00143921779489,0.545,2
1806,307865,0.00169762650392,0.615,2
1812,308306,0.0072383340528,0.04,2
1825,310702,0.00143002660972,0.54,2
1826,310776,0.00143002660972,0.54,2
1841,312640,0.00120862814388,0.63,2
1855,313814,0.00525615681187,0.105,2
1876,316056,0.00126023521472,0.76,2
1878,316232,0.00133058282148,0.625,2
1879,316418,0.00126023521472,0.76,2
1882,316641,0.00126023521472,0.76,2
1888,317655,0.00109859072591,0.755,2
1892,318130,0.00440240676479,0.075,2
1911,321196,0.00154651278401,0.355,2
1973,329903,0.00293439237678,0.12,2
1974,329917,0.0024063519383,0.515,2
1975,330143,0.0030480736665,0.145,1
2031,339964,0.00296802142787,0.105,2
2052,343859,0.00245885113797,0.735,2
2066,346094,0.00296802142787,0.105,2
2080,348637,0.00692943984042,0.1,2
2081,348738,0.00296802142787,0.105,2
2116,353779,0.00351797672699,0.86,2
2118,354009,0.00548003109614,0.105,2
2142,357222,0.00136545326802,0.715,2
2145,357559,0.00136545326802,0.715,2
2146,357810,0.00136545326802,0.715,2
2148,357835,0.00136545326802,0.715,2
2158,359216,0.00323789269778,0.19,2
2171,360859,0.0038060225808,0.245,1
2199,365883,0.0038060225808,0.245,2
2200,366013,0.00135773898942,0.54,2
2205,367346,0.00135773898942,0.54,2
2221,369838,0.00323789269778,0.19,2
2254,374116,0.00397221737342,0.14,2
2270,375837,0.00323789269778,0.19,2
2281,376924,0.00692943984042,0.1,1
2287,377615,0.00292369469039,0.225,2
2288,377686,0.00292369469039,0.225,2
2313,380657,0.00142038274946,0.765,2
2315,380729,0.00495086593731,0.12,2
2326,382391,0.00495086593731,0.12,2
2343,384994,0.00125185083576,0.59,2
2392,393555,0.00442991505636,0.87,2
2393,393684,0.00442991505636,0.87,2
2401,395546,0.000590354528365,0.355,2
2410,396398,0.000590354528365,0.355,2
2414,397741,0.000650711067716,0.08,2
2428,398976,0.00078496493553,0.34,2
2435,400207,0.00078496493553,0.34,2
2442,401075,0.00108419935115,0.32,1
2444,401260,0.00108419935115,0.32,2
2447,402149,0.000459062810425,0.235,2
2473,408312,0.00247028880293,0.185,2
2491,410667,0.00106692138153,0.815,2
2496,411510,0.00106692138153,0.815,2
2500,413046,0.00202399083609,0.735,2
2504,413488,0.00202399083609,0.735,2
2548,422571,0.00156416840978,0.755,2
2552,422895,0.00156416840978,0.755,2
2606,430052,0.00310254595504,0.18,2
2613,431311,0.00116779589247,0.815,2
2620,432370,0.0015707799594,0.74,2
2626,434015,0.00195363438932,0.365,2
2628,434454,0.0015707799594,0.74,2
2632,435636,0.0015707799594,0.74,2
2633,435729,0.0015707799594,0.74,2
2636,436777,0.0015707799594,0.74,2
2638,436979,0.00366672299923,0.045,2
2641,438714,0.00303988601548,0.275,1
2650,440597,0.0072383340528,0.04,1
2684,446490,0.00366672299923,0.045,2
2710,452494,0.000361602586004,0.75,2
2712,452584,0.000361602586004,0.75,2
2718,454058,0.00195325169368,0.56,2
2723,455087,0.000319281324574,0.79,2
2730,456759,0.00080727413214,0.565,2
2757,460098,0.00347089520518,0.045,2
2761,460616,0.000943261077846,0.03,2
2779,462770,0.00178019065266,0.28,2
2806,466341,0.00345635615031,0.045,2
2807,466351,0.000943261077846,0.03,2
2818,468018,0.000840368802907,0.66,2
2842,472370,0.00328087215553,0.55,2
2844,472972,0.00380717917831,0.42,2
2868,477907,0.00127702371572,0.38,2
2881,481183,0.00820350346953,0.09,2
2907,487226,0.00320866258101,0.245,1
2908,487320,0.00313518043769,0.705,2
2914,488158,0.00107700060922,0.07,2
2952,492604,0.0015698611068,0.425,2
2984,496504,0.00107700060922,0.07,2
2999,497968,0.00659301130095,0.045,2
3000,498117,0.00659301130095,0.045,2
3002,498278,0.00195970913524,0.42,2
3016,499736,0.000753031732965,0.05,2
3071,506749,0.00565944916571,0.11,2
3072,506782,0.00186992512915,0.035,2
3082,510482,0.000513920237996,0.045,2
3117,517140,0.00108625663316,0.13,2
3121,517662,0.00295478599654,0.045,2
3128,519222,0.00108625663316,0.13,2
3135,520793,0.0011891087454,0.03,2
3139,522007,0.0015164218375,0.88,2
3140,522064,0.0015164218375,0.88,2
3143,522374,0.00200877202456,0.415,2
3174,530368,0.0042427489329,0.125,1
3195,534400,0.000808400936497,0.18,2
3225,542868,0.00267584079621,0.105,2
3229,543971,0.0042427489329,0.125,2
3231,544221,0.00103595394678,0.24,2
3251,548087,0.00255006118005,0.065,2
3254,548469,0.000785891635982,0.04,1
3280,553679,0.000913474164594,0.055,2
3282,554046,0.00178534813804,0.87,2
3283,554155,0.00124007796609,0.76,2
3286,554407,0.00178534813804,0.87,2
3315,560761,0.00306762757317,0.14,2
3333,565320,0.0015108081868,0.035,2
3338,566185,0.00306762757317,0.14,2
3339,566331,0.00306762757317,0.14,2
3341,566480,0.00247742342291,0.145,2
3355,568852,0.00247742342291,0.145,2
3380,571304,0.00306762757317,0.14,2
3412,574184,0.00281256336223,0.125,2
3417,574524,0.00349281167807,0.715,2
3419,574603,0.00349281167807,0.715,2
3423,574952,0.00349281167807,0.715,2
3424,575047,0.00349281167807,0.715,2
3432,575812,0.00281256336223,0.125,2
3433,575838,0.00349281167807,0.715,2
3436,576258,0.00281256336223,0.125,2
3447,578533,0.0032999299498,0.075,2
3484,582913,0.0022826261597,0.13,2
3490,583469,0.0022826261597,0.13,2
3498,584136,0.00281256336223,0.125,2
3517,587441,0.0030809480308,0.65,1
3524,588839,0.00766161936732,0.815,2
3533,590525,0.00361248162118,0.715,2
3538,591157,0.00244894999116,0.685,1
3541,591679,0.00244894999116,0.685,2
3564,596389,0.00271006169533,0.81,2
3573,597738,0.00214532315861,0.83,2
3621,605382,0.00196131727626,0.525,2
3634,606753,0.00196131727626,0.525,2
3640,607196,0.00215092391037,0.165,2
3646,608230,0.00212435785159,0.81,2
3659,609377,0.00277327666014,0.86,2
3664,609802,0.00183606010839,0.53,2
3666,610169,0.00218255257804,0.865,2
3693,614616,0.00394076959415,0.055,2
3695,614970,0.00131487212487,0.51,2
3703,616274,0.00137351078821,0.54,2
3716,619188,0.00137351078821,0.54,2
3729,621163,0.00239091620675,0.12,2
3754,625262,0.00284630656551,0.06,1
3763,626761,0.00284630656551,0.06,2
3778,629048,0.00211346102814,0.08,2
3782,629543,0.00163023052995,0.025,2
3786,630728,0.00408246940052,0.105,1
3799,633227,0.00284630656551,0.06,2
3829,638662,0.00211346102814,0.08,2
3837,639371,0.00163023052995,0.025,2
3857,643730,0.00169857279901,0.295,2
3864,646360,0.00179062545789,0.09,2
3870,646726,0.00179062545789,0.09,2
3879,648439,0.00163023052995,0.025,2
3939,657489,0.00648027508014,0.075,2
3962,660433,0.00178891942571,0.065,2
3968,660876,0.000679590565804,0.07,2
3975,663204,0.00178891942571,0.065,2
3987,665639,0.00595827112574,0.855,2
4013,669881,0.000613366235088,0.475,2
4017,670319,0.00298192252621,0.13,2
4026,671907,0.000773779379241,0.11,2
4045,676000,0.00163023052995,0.025,2
4083,683384,0.00133492324542,0.905,2
4091,683915,0.0014383620724,0.89,2
4097,684810,0.0014383620724,0.89,2
4099,685002,0.0014383620724,0.89,2
4121,687999,0.00146721026076,0.205,2
4122,688219,0.000925375586218,0.79,2
4124,688343,0.000925375586218,0.79,2
4129,689639,0.000925375586218,0.79,2
4131,689947,0.00342503911055,0.05,1
4132,690018,0.000925375586218,0.79,2
4141,690845,0.00163292404931,0.08,2
4145,691292,0.0011925035881,0.415,2
4170,694714,0.00108925045564,0.54,2
4193,700758,0.00115203320104,0.105,2
4226,706045,0.00351384527515,0.035,2
4230,706439,0.00247618110954,0.06,2
4232,706995,0.00342503911055,0.05,2
4233,707132,0.00351384527515,0.035,2
4252,709567,0.000906724328853,0.095,2
4287,712934,0.00219480161146,0.06,2
4291,714019,0.00342503911055,0.05,2
4293,714363,0.00351384527515,0.035,2
4304,716741,0.00219480161146,0.06,2
4325,718727,0.00219480161146,0.06,2
4336,720269,0.00749609594169,0.105,2
4370,725680,0.00270959738433,0.2,2
4375,727062,0.00174564648014,0.76,2
4382,729052,0.00212316743705,0.285,1
4392,730864,0.00270959738433,0.2,2
4406,732229,0.00351384527515,0.035,2
4409,732886,0.0027507876425,0.185,2
4410,732920,0.00351384527515,0.035,2
4412,733062,0.0027507876425,0.185,2
4415,733766,0.0027507876425,0.185,2
4424,735063,0.00337695116401,0.27,2
4466,742227,0.000950233645191,0.08,2
4523,753678,0.00515333323603,0.25,2
4531,754451,0.00137131772988,0.74,2
4535,754815,0.00188368659093,0.38,2
4546,755792,0.00945893385887,0.185,2
4551,756613,0.00137131772988,0.74,2
4565,758143,0.00124519035107,0.745,2
4596,764510,0.00217040713233,0.715,1
4604,766014,0.00217040713233,0.715,2
4612,768020,0.0030034351695,0.595,2
4630,771124,0.00945893385887,0.185,2
4636,772237,0.00945893385887,0.185,2
4651,775118,0.0119552410328,0.18,2
4655,775771,0.00763034207632,0.105,2
4660,776774,0.00198906074057,0.455,2
4661,776839,0.00198906074057,0.455,2
4664,777532,0.00961956597212,0.085,2
4666,777589,0.0119552410328,0.18,2
4695,781070,0.00694594712974,0.205,2
4700,782156,0.000612797042134,0.025,2
4739,787595,0.00284427226917,0.29,2
4760,790669,0.0194698761743,0.07,1
4767,791882,0.0194698761743,0.07,2
4777,794695,0.00363819682382,0.31,2
4795,798852,0.00108385405977,0.04,2
4837,805520,0.00103548743102,0.26,2
4843,806790,0.010686920794,0.06,1
4856,808593,0.00334636145161,0.11,2
4881,812835,0.010686920794,0.06,2
4896,816366,0.010686920794,0.06,2
4900,816693,0.0136747797756,0.075,2
4913,819848,0.010686920794,0.06,2
4940,824809,0.00104812569826,0.04,2
4942,824879,0.00104812569826,0.04,2
4950,825935,0.00255738565302,0.035,2
4951,826617,0.00104812569826,0.04,2
4952,826839,0.00081445737954,0.445,2
4955,827206,0.000921848485687,0.48,2
4964,829341,0.010686920794,0.06,2
4977,832280,0.00104812569826,0.04,2
4978,832386,0.00104812569826,0.04,2
4980,832736,0.0136747797756,0.075,2
5025,840561,0.00104812569826,0.04,2
5037,843401,0.00104812569826,0.04,2
5060,847705,0.00156747492506,0.09,2
5087,852987,0.000885055466977,0.03,2
5139,861860,0.00255738565302,0.035,2
5162,865905,0.00165190297975,0.045,2
5185,869806,0.00255738565302,0.035,2
5192,870648,0.0194698761743,0.07,1
5201,871871,0.00255738565302,0.035,2
5209,872542,0.00442075404865,0.13,2
5222,874456,0.00266311892797,0.18,2
5234,875825,0.00266311892797,0.18,2
5265,882063,0.0040234246978,0.155,2
5271,883080,0.00338343333132,0.16,2
5291,887477,0.0105663244663,0.105,1
5292,887788,0.00159733326924,0.05,2
5293,887848,0.00159733326924,0.05,2
5307,890012,0.0102282040568,0.055,2
5311,891005,0.0016665511349,0.235,2
5321,893196,0.00772431991694,0.115,2
5333,894514,0.00271388448292,0.065,2
5351,897208,0.00338343333132,0.16,2
5356,898597,0.00347385892664,0.175,2
5371,900605,0.00159733326924,0.05,2
5392,902929,0.00236999140729,0.105,2
5462,915843,0.0050876689523,0.605,2
5472,916491,0.00524794726206,0.6,2
5474,916605,0.00524794726206,0.6,2
5477,916965,0.00524794726206,0.6,2
5480,918177,0.00544314881104,0.61,2
5481,918445,0.00544314881104,0.61,2
5497,921016,0.0053579583895,0.605,2
5502,921649,0.0053579583895,0.605,2
5503,921702,0.0053579583895,0.605,2
5508,922238,0.0053579583895,0.605,2
5511,922660,0.00528037846066,0.59,2
5512,922706,0.00689593730105,0.63,2
5526,924599,0.00780901285261,0.625,2
5547,928226,0.0060911687514,0.635,2
5551,928596,0.0060911687514,0.635,2
5558,929706,0.0134893331876,0.075,1
5564,930093,0.009924015812,0.41,2
5611,937416,0.00219070904597,0.87,2
5662,947693,0.00814672501386,0.08,2
5672,949452,0.0041248220669,0.2,2
5685,952632,0.00608161504789,0.195,1
5686,952740,0.0134893331876,0.075,2
5690,954060,0.00814672501386,0.08,2
5714,957885,0.00814672501386,0.08,2
5731,961685,0.0058281815103,0.035,1
5753,965339,0.00228128287681,0.13,2
5764,968674,0.0106725290767,0.08,2
5812,974993,0.0164689410586,0.075,2
5831,977454,0.0106725290767,0.08,2
5838,979356,0.00104747485711,0.135,2
5849,981195,0.00278375735377,0.105,2
5850,981618,0.00853950110808,0.075,1
5909,993228,0.00849909012014,0.175,2
5919,995731,0.00849909012014,0.175,2
5922,996657,0.00849909012014,0.175,2
5927,997571,0.00849909012014,0.175,2
5934,998922,0.00849909012014,0.175,2
5938,999130,0.00849909012014,0.175,2
5955,1000959,0.00543707021572,0.635,2
5957,1001752,0.00543707021572,0.635,2
5971,1003798,0.0160717887128,0.72,2
5979,1005143,0.0234453339925,0.785,2
5985,1005878,0.0213164086499,0.7,2
5989,1006274,0.00677136652086,0.555,2
6003,1008630,0.00677136652086,0.555,2
6011,1010065,0.00677136652086,0.555,2
6012,1010078,0.00674218656497,0.595,2
6013,1010095,0.00674218656497,0.595,2
6026,1013120,0.00971603025666,0.5,2
6031,1013913,0.00903220378697,0.08,2
6060,1020640,0.0026461851516,0.465,2
6115,1031576,0.00639111777755,0.095,2
6133,1036183,0.0121629929273,0.25,2
6139,1038053,0.0123937638543,0.24,1
6147,1040357,0.0123937638543,0.24,2
6160,1042670,0.00624743928657,0.15,2
6189,1051367,0.00364481469633,0.15,2
6222,1057640,0.00942044372039,0.09,2
6251,1062987,0.00418487469074,0.155,2
6254,1063212,0.00418487469074,0.155,2
6266,1065260,0.0104131832383,0.095,2
6271,1065698,0.0105479873767,0.12,2
6276,1066792,0.0104131832383,0.095,2
6278,1066834,0.0082341338694,0.845,2
6306,1072178,0.00556959399873,0.155,2
6314,1073606,0.000696167171201,0.045,2
6331,1077830,0.00722674035239,0.255,2
6366,1089331,0.0111731128193,0.88,2
6370,1090293,0.00822673033282,0.1,2
6374,1090699,0.00822673033282,0.1,2
6396,1093981,0.00673969224848,0.105,2
6422,1100444,0.0133653057251,0.09,1
6431,1101987,0.026462151906,0.065,2
6447,1103947,0.00786744178067,0.125,2
6465,1107765,0.00790783614864,0.14,2
6474,1108706,0.00301488346081,0.09,2
6476,1109032,0.0129959145588,0.095,2
6479,1109614,0.00234679309598,0.42,2
6490,1112134,0.00891930892436,0.135,2
6522,1116175,0.00231601198956,0.38,2
6533,1118044,0.00278772796039,0.945,2
6537,1118567,0.00278772796039,0.945,2
6586,1128920,0.00654522691364,0.12,2
6621,1137590,0.00531055638764,0.35,2
6626,1138512,0.00830034421746,0.225,1
6629,1138906,0.00616126083069,0.235,2
6636,1140378,0.00830034421746,0.225,2
6659,1144075,0.0104114649728,0.195,2
6669,1146364,0.000650382076177,0.045,2
6674,1146793,0.00272810208208,0.245,2
6696,1149273,0.00401972445278,0.505,2
6704,1150218,0.00458595666056,0.37,2
6705,1150246,0.00458595666056,0.37,2
6707,1150387,0.00407199811616,0.4,2
6763,1158326,0.00560895946548,0.105,1
6833,1167107,0.0048193237721,0.55,2
6854,1170712,0.0132979957455,0.035,2
6863,1171770,0.00560895946548,0.105,2
6873,1173204,0.0114056726946,0.21,2
6874,1173314,0.00688153183978,0.38,2
6878,1173437,0.00688153183978,0.38,2
6881,1173692,0.00688153183978,0.38,2
6884,1173940,0.00688153183978,0.38,2
6908,1178058,0.00320906174533,0.155,2
6919,1179754,0.00320906174533,0.155,2
6929,1182463,0.00560895946548,0.105,1
6951,1186805,0.00336407676121,0.045,2
6968,1190849,0.00369358575816,0.13,2
7001,1200435,0.0148897118833,0.12,2
7005,1202365,0.0148897118833,0.12,2
7012,1203231,0.00336407676121,0.045,2
7018,1203738,0.00421721804055,0.175,2
7036,1207748,0.00159153987298,0.255,2
7039,1208169,0.00407963550145,0.725,2
7049,1209670,0.00299119027942,0.68,2
7056,1210431,0.0133857293802,0.13,2
7058,1210627,0.00416133701317,0.66,2
7062,1211111,0.00336407676121,0.045,2
7064,1212052,0.00478605885698,0.65,2
7068,1212646,0.00709383068045,0.145,2
7070,1212821,0.00526985086513,0.645,2
7071,1212831,0.00526985086513,0.645,2
7094,1216866,0.0132179210734,0.135,2
7118,1222902,0.00549407122052,0.375,2
7171,1235298,0.008228855345,0.14,2
7208,1245941,0.00796062066674,0.42,2
7212,1246392,0.00836991044639,0.41,2
7222,1247737,0.00836991044639,0.41,2
7224,1248157,0.00836991044639,0.41,2
7227,1248457,0.00836991044639,0.41,2
7243,1253521,0.0320302724802,0.06,1
7264,1257103,0.0123802597427,0.125,1
7306,1263322,0.00972376611267,0.135,2
7319,1265777,0.00972376611267,0.135,2
7329,1266941,0.0320302724802,0.06,2
7360,1271090,0.00972376611267,0.135,2
7379,1273044,0.0123802597427,0.125,2
7383,1273568,0.0123802597427,0.125,2
7412,1279570,0.0047894950006,0.03,2
7474,1289426,0.00264140411954,0.575,2
7483,1290106,0.00254603880415,0.83,2
7484,1290171,0.00254603880415,0.83,2
7488,1290397,0.00292845179755,0.86,2
7489,1290561,0.00292845179755,0.86,2
7500,1292246,0.00261054402233,0.58,2
7501,1292398,0.00288083656385,0.565,2
7506,1293746,0.00288083656385,0.565,2
7515,1296618,0.00288083656385,0.565,2
7537,1298987,0.00333710356129,0.52,2
7557,1302143,0.0173948384341,0.12,1
7620,1313063,0.0237178301012,0.13,2
7655,1322587,0.00666725493139,0.395,2
7660,1323183,0.0332496762572,0.115,1
7662,1323656,0.0237178301012,0.13,2
7665,1324225,0.00780825801681,0.54,2
7681,1327062,0.00900521068832,0.54,2
7705,1331149,0.00953777012375,0.535,2
7717,1333460,0.0143432872855,0.52,1
7720,1334149,0.0101308101922,0.53,2
7738,1337587,0.0101308101922,0.53,2
7741,1337863,0.00510965569486,0.31,2
7758,1339501,0.00774337686829,0.555,2
7762,1339782,0.00774337686829,0.555,2
7769,1340444,0.00816176403854,0.855,2
7770,1340469,0.00816176403854,0.855,2
7771,1340492,0.00890383688092,0.595,2
7773,1340562,0.00816176403854,0.855,2
7775,1340783,0.00890383688092,0.595,2
7776,1340901,0.00890383688092,0.595,2
7781,1341430,0.0134856240765,0.155,2
7807,1345580,0.0117236337026,0.185,2
7856,1351217,0.0132514963677,0.145,2
7863,1351929,0.0151385804544,0.165,2
7864,1351995,0.0132514963677,0.145,2
7866,1352129,0.0132514963677,0.145,2
7888,1354858,0.0151385804544,0.165,2
7908,1356841,0.01382698706,0.235,2
7910,1357642,0.0173917415594,0.265,2
7920,1359938,0.00681140122427,0.89,2
7926,1360822,0.00681140122427,0.89,2
8072,1378984,0.00409821516727,0.17,2
8080,1380409,0.0247801985555,0.39,2
8088,1381286,0.0346291993454,0.12,1
8089,1381324,0.0155283522978,0.465,2
8093,1381782,0.011621702572,0.795,2
8131,1389545,0.0270955228641,0.335,2
8141,1391768,0.0279665619036,0.13,2
8161,1395151,0.027343287436,0.22,2
8163,1395187,0.0219244352902,0.235,2
8174,1396491,0.0219244352902,0.235,2
8194,1399918,0.0219244352902,0.235,2
8207,1401509,0.0219244352902,0.235,2
8209,1401642,0.0355788131648,0.3,1
8216,1402199,0.0264712491962,0.065,2
8218,1402293,0.0355788131648,0.3,2
8219,1402296,0.0355788131648,0.3,2
8221,1402669,0.0355788131648,0.3,2
8229,1403271,0.0264712491962,0.065,2
8247,1404835,0.0376195567332,0.3,2
8249,1404932,0.0376195567332,0.3,2
8268,1407262,0.0242500340503,0.225,2
8278,1408798,0.0132913173422,0.085,2
8307,1414950,0.0223916410745,0.235,2
8318,1416064,0.0223916410745,0.235,2
8322,1416894,0.0223916410745,0.235,2
8336,1418004,0.0223916410745,0.235,2
8360,1421911,0.0198701601859,0.26,2
8373,1423920,0.0199180281904,0.295,2
8376,1424197,0.0198701601859,0.26,2
8387,1425495,0.0199180281904,0.295,2
8392,1426312,0.0199180281904,0.295,2
8409,1429005,0.0264712491962,0.065,2
8414,1430755,0.0211364625979,0.25,2
8510,1447479,0.0282496245615,0.225,1
8545,1455995,0.0146940867802,0.57,2
8553,1457517,0.022711211338,0.3,2
8557,1458290,0.0161608231802,0.33,2
8561,1458923,0.022711211338,0.3,2
8573,1462199,0.00984655171164,0.39,2
8600,1465671,0.0136255281353,0.375,2
8618,1468624,0.0137419696828,0.39,2
8622,1469691,0.0298411897021,0.295,2
8636,1472830,0.0170814757893,0.36,2
8641,1473919,0.0336037430514,0.29,1
8667,1477087,0.0295269234558,0.295,2
8676,1478050,0.0127262216258,0.58,2
8677,1478157,0.0127262216258,0.58,2
8685,1478528,0.0115322069884,0.585,2
8699,1479760,0.0125139573148,0.535,2
8700,1479795,0.0125139573148,0.535,2
8702,1479879,0.0125139573148,0.535,2
8704,1479978,0.0125139573148,0.535,2
8735,1486761,0.0180066681567,0.455,2
8739,1488063,0.0421062926882,0.21,1
8756,1490488,0.0170012215282,0.43,2
8758,1491305,0.0170012215282,0.43,2
8782,1495361,0.0170012215282,0.43,2
8792,1497413,0.0339071841501,0.68,2
8794,1497940,0.0339071841501,0.68,2
8801,1498687,0.0339071841501,0.68,2
8803,1499029,0.0339071841501,0.68,2
8804,1499048,0.0339071841501,0.68,2
8814,1500347,0.0339071841501,0.68,2
8815,1500350,0.0339071841501,0.68,2
8881,1511508,0.0363427519997,0.25,2
8897,1514077,0.0445171371772,0.245,2
8951,1526465,0.0101999457284,0.54,2
8959,1527870,0.00781758226376,0.635,2
8969,1529618,0.00927108535801,0.665,2
8979,1530326,0.0104091158334,0.58,2
8980,1530423,0.00927108535801,0.665,2
8984,1531420,0.0382786781771,0.295,2
8995,1533050,0.00927108535801,0.665,2
8997,1533165,0.00927108535801,0.665,2
9004,1534270,0.0263632740723,0.76,2
9014,1535248,0.0340146004735,0.595,2
9036,1538865,0.0575757754945,0.23,2
9038,1539160,0.0575757754945,0.23,2
9089,1545939,0.0172077218103,0.41,2
9107,1548893,0.0298351266013,0.715,2
9132,1552166,0.0336030280193,0.295,2
9136,1552613,0.0201663643036,0.345,2
9143,1553462,0.0706837149903,0.17,1
9185,1560431,0.0262206969683,0.305,2
9190,1561321,0.0286843394601,0.3,2
9198,1562683,0.0286843394601,0.3,2
9211,1564880,0.0262888215837,0.3,2
9242,1571874,0.0266037334932,0.28,2
9244,1571934,0.0266037334932,0.28,2
9279,1576231,0.0630100187489,0.21,2
9283,1576772,0.0795577276107,0.16,1
9285,1577172,0.00511120587708,0.055,2
9305,1580723,0.0244632619933,0.465,2
9314,1582273,0.0225137005172,0.295,2
9322,1583087,0.0225137005172,0.295,2
9338,1586633,0.0274123312104,0.285,2
9342,1587081,0.0293919784006,0.51,2
9373,1593937,0.0283895549318,0.295,2
9386,1596287,0.023984014029,0.315,2
9388,1596927,0.023984014029,0.315,2
9471,1612507,0.030581508736,0.3,2
9560,1621846,0.0415711783171,0.27,1
9564,1622647,0.0312155144442,0.305,2
9572,1624131,0.0282321899873,0.37,2
9582,1626537,0.0312155144442,0.305,2
9586,1627310,0.0282321899873,0.37,2
9589,1627902,0.0282321899873,0.37,2
9594,1628448,0.0282321899873,0.37,2
9596,1628651,0.0317195242713,0.075,1
9605,1630790,0.064720598524,0.245,1
9619,1633494,0.064720598524,0.245,2
9629,1636496,0.0336987451995,0.35,2
9639,1639912,0.0322893977805,0.36,2
9649,1642040,0.064720598524,0.245,2
9654,1643467,0.0286597083315,0.35,2
9678,1648639,0.0286597083315,0.35,2
9693,1650458,0.0178009225891,0.735,2
9697,1650948,0.0386785966939,0.3,2
9709,1652221,0.0178009225891,0.735,2
9742,1657129,0.0357966542362,0.3,2
9764,1661130,0.0297821535465,0.375,2
9774,1663304,0.0315244277641,0.37,2
9790,1666164,0.0296216162649,0.37,2
9796,1667635,0.0296216162649,0.37,2
9814,1669773,0.0156489887583,0.4,2
9836,1672833,0.0122091407808,0.425,2
9837,1672995,0.00550159699451,0.185,2
9850,1675044,0.00550159699451,0.185,2
9851,1675249,0.0826262970722,0.23,1
9877,1678318,0.00921630879738,0.16,2
9908,1682222,0.0552274416521,0.485,1
9924,1684630,0.0211040727827,0.455,2
9952,1687743,0.0210340354202,0.46,2
9959,1690418,0.0419716201949,0.635,2
9992,1699490,0.0193615981157,0.46,2
9994,1699803,0.0193615981157,0.46,2
10003,1701018,0.0193615981157,0.46,2
10006,1701430,0.0265954974666,0.7,2
10013,1702303,0.0265954974666,0.7,2
10014,1702327,0.0265954974666,0.7,2
10028,1703990,0.0304215562593,0.71,2
10030,1703994,0.0304215562593,0.71,2
10032,1704165,0.0360349006599,0.345,2
10141,1719302,0.0229557149841,0.38,2
10148,1720377,0.0228705512927,0.38,2
10149,1720835,0.0228705512927,0.38,2
10155,1721800,0.0250194222223,0.38,2
10160,1722230,0.0250194222223,0.38,2
10164,1723567,0.0297628458413,0.365,2
10206,1728832,0.0426592093799,0.345,2
10234,1736350,0.0375639637989,0.43,2
10245,1738391,0.0477601633715,0.39,1
10246,1738491,0.0477601633715,0.39,2
10250,1738889,0.0399108488672,0.42,2
10271,1742115,0.0362672941618,0.425,2
10278,1743654,0.0314853953577,0.435,2
10289,1745955,0.0372875334555,0.415,2
10298,1746858,0.0389493201239,0.405,2
10306,1747792,0.0372875334555,0.415,2
10351,1756673,0.0195881979563,0.1,2
10355,1757795,0.020710551967,0.595,2
10360,1758866,0.020710551967,0.595,2
10363,1759188,0.020710551967,0.595,2
10368,1759676,0.0837454638968,0.285,1
10371,1760135,0.0401391212767,0.42,2
10372,1760235,0.020710551967,0.595,2
10375,1760650,0.020710551967,0.595,2
10376,1760725,0.0195881979563,0.1,2
10380,1761846,0.0195881979563,0.1,2
10382,1762058,0.020710551967,0.595,2
10383,1762134,0.020710551967,0.595,2
10385,1762207,0.020710551967,0.595,2
10407,1765772,0.0202173780309,0.645,2
10408,1765920,0.0202173780309,0.645,2
10410,1766306,0.0202173780309,0.645,2
10483,1777201,0.0837454638968,0.285,2
10500,1778671,0.0343545084725,0.405,2
10505,1779562,0.0269239810809,0.49,2
10544,1786265,0.0421940738039,0.4,2
10593,1795187,0.0896351731395,0.28,1
10668,1812388,0.056422112409,0.495,2
10670,1812926,0.0685309043174,0.4,2
10671,1812962,0.0646725503758,0.66,2
10683,1815428,0.0296347894416,0.485,2
10717,1826238,0.0281108763203,0.465,2
10730,1827805,0.0113992225231,0.565,2
10741,1831426,0.0261287882779,0.44,2
10752,1834940,0.0188172395531,0.83,2
10759,1837302,0.0143799073639,0.54,2
10762,1837947,0.0143799073639,0.54,2
10797,1844511,0.0256488673297,0.45,2
10816,1848079,0.0966553937905,0.33,2
10820,1848385,0.0281598339109,0.445,2
10840,1852165,0.0618029258875,0.39,2
10856,1856803,0.0709224536492,0.36,2
10865,1858151,0.0709224536492,0.36,2
10867,1858517,0.0709224536492,0.36,2
10870,1858893,0.101004469878,0.31,1
10882,1860744,0.0268242756117,0.73,2
10885,1861836,0.0268242756117,0.73,2
10888,1863432,0.048037153251,0.8,2
10893,1864382,0.048037153251,0.8,2
10897,1864720,0.048037153251,0.8,2
10953,1875138,0.104279699275,0.32,2
10969,1877050,0.0362545263684,0.725,2
10979,1878304,0.0337050769501,0.72,2
11005,1882072,0.104370951597,0.34,1
11011,1883219,0.0407545836,0.44,2
11016,1883896,0.0245638251101,0.75,2
11020,1884720,0.104370951597,0.34,2
11057,1891619,0.0263764236687,0.74,2
11063,1892399,0.0263764236687,0.74,2
11117,1904007,0.0294498949224,0.085,2
11120,1904849,0.11042141272,0.34,2
11160,1914877,0.0343601772166,0.63,2
11168,1915733,0.0355149975402,0.08,2
11174,1916871,0.0347309663269,0.605,2
11225,1923899,0.0883968555987,0.385,2
11233,1925250,0.11207177551,0.34,1
11251,1929052,0.0921487745213,0.38,2
11273,1932080,0.0936215653156,0.375,2
11300,1937013,0.0290214450726,0.855,2
11302,1937224,0.11207177551,0.34,2
11310,1938813,0.0270547950164,0.85,2
11331,1942493,0.025805627141,0.87,2
11362,1947040,0.122443611926,0.36,2
11374,1949154,0.0606565997951,0.65,2
11380,1950917,0.0586884620628,0.66,2
11385,1952300,0.0297574528405,0.81,2
11397,1955060,0.0606565997951,0.65,2
11422,1958911,0.0565777821319,0.665,2
11450,1964398,0.06000261362,0.65,2
11458,1965895,0.0582564635299,0.645,2
11484,1969078,0.07845484841,0.625,2
11485,1969190,0.07845484841,0.625,2
11504,1972229,0.144934920304,0.335,1
11520,1976599,0.144934920304,0.335,2
11532,1978557,0.0613822125736,0.795,2
11536,1979172,0.0952535398484,0.4,2
11541,1979859,0.0613822125736,0.795,2
11549,1980746,0.0653694485223,0.785,2
11551,1980965,0.0653694485223,0.785,2
11552,1981226,0.0653694485223,0.785,2
11555,1981572,0.0653694485223,0.785,2
11557,1981887,0.0653694485223,0.785,2
11559,1982049,0.144934920304,0.335,2
11565,1982923,0.0653694485223,0.785,2
11572,1984564,0.0603023949071,0.79,2
11573,1984712,0.0603023949071,0.79,2
11577,1985653,0.0603023949071,0.79,2
11583,1986782,0.0603023949071,0.79,2
11613,1992825,0.0856488678394,0.425,2
11629,1996371,0.0638087739391,0.665,2
11694,2009933,0.0592535623727,0.425,2
11720,2015745,0.110704381247,0.31,2
11722,2015857,0.124747686433,0.295,1
11782,2022733,0.0256970903132,0.09,2
11847,2031787,0.0256970903132,0.09,2
11848,2031827,0.077250582473,0.665,2
11869,2036847,0.120421985866,0.31,1
11894,2041362,0.0817436101521,0.625,2
11899,2042274,0.0796246057739,0.675,2
11914,2043632,0.10307085472,0.335,2
11938,2048493,0.0870000728897,0.735,2
11944,2050289,0.113648820904,0.32,2
11949,2051203,0.0815696541378,0.74,2
11952,2051411,0.072646457331,0.51,2
11961,2053687,0.0619007213227,0.115,2
11972,2055764,0.0623602605957,0.53,2
12006,2061585,0.0705133001494,0.775,2
12012,2062702,0.0705133001494,0.775,2
12044,2068595,0.0942651469387,0.69,2
12051,2069232,0.0942651469387,0.69,2
12076,2072659,0.0796873699024,0.77,2
12080,2073526,0.116696821796,0.365,1
12127,2081889,0.121525241301,0.68,2
12158,2087850,0.106489949527,0.715,2
12166,2089029,0.103134059851,0.67,2
12169,2089332,0.103134059851,0.67,2
12176,2090101,0.103134059851,0.67,2
12193,2092457,0.118257266794,0.385,1
12196,2093635,0.118257266794,0.385,2
12200,2094471,0.118257266794,0.385,2
12224,2099790,0.105287905463,0.68,2
12228,2100532,0.116901710274,0.395,2
12230,2100581,0.091116062128,0.74,2
12265,2107946,0.0907982964226,0.71,2
12315,2117929,0.0855134511794,0.76,2
12324,2120967,0.0881546137197,0.755,2
12349,2127188,0.0695593127162,0.485,2
12357,2127854,0.0558190599636,0.535,2
12369,2130634,0.080047814401,0.47,2
12377,2131953,0.0785428787986,0.475,2
12396,2135118,0.0785428787986,0.475,2
12434,2145571,0.0832339631605,0.48,2
12461,2152390,0.0912724568537,0.78,2
12465,2154048,0.135485134207,0.385,1
12466,2154136,0.12552263014,0.405,2
12469,2155132,0.102921808301,0.75,2
12476,2156773,0.101116460673,0.46,2
12485,2158038,0.100681490196,0.465,2
12497,2160815,0.109975057683,0.445,2
12503,2161747,0.140831879976,0.62,2
12513,2163863,0.0949146567789,0.49,2
12520,2165173,0.134153777871,0.625,2
12521,2165511,0.0949146567789,0.49,2
12525,2167027,0.131028176166,0.71,2
12550,2171499,0.126840167896,0.41,2
12613,2181056,0.076652301833,0.69,2
12658,2189660,0.079457588917,0.5,2
12680,2194021,0.0548621702553,0.555,2
12686,2194781,0.125138361508,0.42,2
12690,2195039,0.0548621702553,0.555,2
12704,2197933,0.0593797476915,0.55,2
12706,2198023,0.0650554782911,0.53,2
12751,2206635,0.175871704238,0.525,2
12770,2209841,0.106067716854,0.81,2
12774,2210373,0.175871704238,0.525,2
12781,2211788,0.125803891926,0.695,2
12795,2214417,0.129837441784,0.7,2
12814,2219447,0.147915068965,0.66,2
12815,2219766,0.159511216299,0.405,1
12861,2227132,0.187552899957,0.515,2
12866,2228578,0.159511216299,0.405,2
12905,2239293,0.0922057445513,0.745,2
12953,2249688,0.0650899559354,0.615,2
12956,2251259,0.157081819122,0.425,1
12957,2251358,0.0650899559354,0.615,2
12958,2251473,0.0650899559354,0.615,2
12986,2257045,0.076941265564,0.565,2
13071,2271606,0.135969048902,0.655,2
13082,2273079,0.1556142438,0.43,2
13084,2273429,0.135969048902,0.655,2
13085,2273465,0.135969048902,0.655,2
13086,2273517,0.129912211113,0.46,2
13093,2274203,0.135969048902,0.655,2
13130,2279598,0.154743104624,0.435,2
13145,2282291,0.154743104624,0.435,2
13150,2283958,0.163269751019,0.43,2
13156,2285346,0.084921021008,0.62,2
13172,2289852,0.0997553962859,0.615,2
13187,2294731,0.0997553962859,0.615,2
13199,2299589,0.109393250439,0.61,2
13204,2301645,0.104369261492,0.615,2
13237,2307981,0.181760442102,0.45,1
13266,2313392,0.181760442102,0.45,2
13308,2321530,0.0890965878287,0.81,2
13323,2326034,0.185872274106,0.475,2
13339,2329940,0.0824124375536,0.585,2
13361,2335744,0.16065679433,0.7,2
13402,2348139,0.112475545192,0.775,2
13414,2351707,0.130742160324,0.6,2
13420,2353359,0.15021370769,0.51,2
13431,2355872,0.189471666454,0.47,1
13441,2358800,0.189471666454,0.47,2
13444,2359349,0.189471666454,0.47,2
13460,2363170,0.189471666454,0.47,2
13466,2364165,0.189471666454,0.47,2
13491,2369802,0.189471666454,0.47,2
13497,2371435,0.189471666454,0.47,2
13513,2376100,0.188662623768,0.455,2
13536,2381236,0.17419952689,0.495,2
13568,2387985,0.188789359182,0.465,2
13574,2388953,0.142413025863,0.75,2
13592,2395109,0.153086122012,0.74,2
13593,2395430,0.153086122012,0.74,2
13612,2399404,0.15825276401,0.73,2
13614,2399530,0.15825276401,0.73,2
13624,2400436,0.15825276401,0.73,2
13630,2402634,0.23373496834,0.55,1
13632,2403177,0.15825276401,0.73,2
13633,2403345,0.15825276401,0.73,2
13667,2410058,0.150524156257,0.55,2
13675,2411542,0.182643410019,0.49,1
13733,2420764,0.186177000587,0.5,2
13762,2427408,0.196778091456,0.545,2
13787,2435466,0.0920087806252,0.725,2
13788,2435747,0.0920087806252,0.725,2
13789,2436011,0.0920087806252,0.725,2
13827,2444757,0.0983195860183,0.72,2
13833,2445569,0.20341733643,0.575,2
13865,2453753,0.171075004935,0.605,2
13866,2454445,0.171075004935,0.605,2
13872,2456132,0.20613906001,0.57,1
13901,2461606,0.171212310529,0.815,2
13904,2462336,0.148576659651,0.835,2
13927,2466605,0.154635804261,0.84,2
13932,2467775,0.156951078514,0.85,2
13942,2469383,0.160758983792,0.84,2
13951,2470748,0.168680579598,0.825,2
14002,2478164,0.164723938153,0.815,2
14010,2481059,0.218258454368,0.73,2
14019,2483317,0.215451870096,0.735,2
14026,2484508,0.217397278417,0.72,2
14037,2486240,0.209132785148,0.725,2
14039,2486792,0.209459392854,0.74,2
14041,2487223,0.209132785148,0.725,2
14045,2488355,0.209132785148,0.725,2
14065,2493603,0.258088918806,0.67,2
14109,2500000,0.274607045306,0.65,1
14120,2501789,0.217027122614,0.72,2
14121,2501918,0.229364895843,0.705,2
14122,2501977,0.217027122614,0.72,2
14124,2502608,0.217027122614,0.72,2
14137,2504985,0.217027122614,0.72,2
14138,2505028,0.217027122614,0.72,2
14173,2511526,0.221809827088,0.715,2
14178,2512286,0.221809827088,0.715,2
14179,2512511,0.271727398339,0.655,2
14181,2513045,0.23519767634,0.7,2
14183,2513412,0.221809827088,0.715,2
14184,2513511,0.221809827088,0.715,2
14232,2526115,0.241144339003,0.695,2
14245,2529337,0.248938213558,0.685,2
14251,2530085,0.202266134471,0.775,2
14252,2530360,0.202266134471,0.775,2
14254,2530662,0.202266134471,0.775,2
14310,2537900,0.175836135989,0.81,2
14314,2538325,0.194636939289,0.755,2
14340,2543301,0.173103488772,0.79,2
14345,2544426,0.175107828174,0.78,2
14376,2550029,0.173103488772,0.79,2
14384,2552117,0.168085892223,0.8,2
14385,2552201,0.155401802704,0.805,2
14399,2554220,0.159804567886,0.815,2
14416,2558065,0.138043816152,0.8,2
14455,2564681,0.133933015536,0.805,2
14512,2577724,0.24315416296,0.64,1
14517,2578271,0.202742600347,0.655,2
14535,2582024,0.200544214515,0.65,2
14538,2582296,0.0886943110693,0.82,2
14547,2583957,0.0886943110693,0.82,2
14577,2591671,0.116466337362,0.785,2
14580,2592041,0.212383138266,0.625,2
14594,2595712,0.0970811786482,0.775,2
14631,2601793,0.119566780886,0.835,2
14636,2602686,0.119566780886,0.835,2
14651,2605567,0.17799837371,0.81,2
14684,2610257,0.17548122105,0.67,2
14685,2610499,0.201158805486,0.63,2
14690,2611514,0.207303647878,0.625,2
14738,2618620,0.216373289912,0.62,1
14743,2619129,0.211261173152,0.625,2
14812,2635282,0.112341413352,0.41,2
14821,2637229,0.128800927685,0.395,2
14834,2638881,0.106826599664,0.415,2
14837,2639383,0.106826599664,0.415,2
14852,2642685,0.141879890373,0.665,2
14853,2642731,0.133704663066,0.385,2
14858,2643565,0.106826599664,0.415,2
14864,2644703,0.106826599664,0.415,2
14875,2647139,0.104320525306,0.405,2
14876,2647439,0.104320525306,0.405,2
14877,2647609,0.104320525306,0.405,2
14896,2651996,0.104709967247,0.405,2
14899,2652412,0.104709967247,0.405,2
14904,2653430,0.104709967247,0.405,2
14915,2657929,0.104709967247,0.405,2
14918,2658126,0.104709967247,0.405,2
14933,2661765,0.104709967247,0.405,2
14936,2662955,0.104709967247,0.405,2
14961,2669357,0.116094865939,0.39,2
15046,2688640,0.0729940090894,0.44,2
15080,2694727,0.0746746380905,0.43,2
15081,2694788,0.0806451191027,0.425,2
15091,2697863,0.104774249402,0.4,2
15101,2701971,0.098227347375,0.715,2
15102,2702865,0.098227347375,0.715,2
15108,2704201,0.0739733963722,0.44,2
15132,2708659,0.124772318721,0.335,1
15135,2709076,0.0729190721585,0.445,2
15140,2709632,0.103091207873,0.405,2
15185,2724793,0.072304362743,0.475,2
15270,2741453,0.0779795953033,0.495,2
15276,2741864,0.0779795953033,0.495,2
15285,2743539,0.0779795953033,0.495,2
15291,2744795,0.0823892860351,0.46,2
15293,2745496,0.0711003524275,0.56,2
15296,2746811,0.0779795953033,0.495,2
15300,2748318,0.0762917197762,0.55,2
15315,2751364,0.0874012464943,0.54,2
15318,2751703,0.0872844583762,0.535,2
15320,2751867,0.0884567095075,0.445,2
15328,2752905,0.0872844583762,0.535,2
15329,2752984,0.0872844583762,0.535,2
15372,2760718,0.12196571454,0.36,1
15444,2769385,0.085414779411,0.485,2
15460,2770311,0.085414779411,0.485,2
15480,2773805,0.0838546475999,0.485,2
15525,2779878,0.0824242746323,0.43,2
15540,2781829,0.0912245353075,0.475,2
15553,2783142,0.0855207703368,0.485,2
15565,2785531,0.0815865203304,0.485,2
15569,2786815,0.0739993311201,0.5,2
15584,2789683,0.100830618093,0.465,2
15590,2790310,0.0965934056922,0.475,2
15613,2792777,0.0965934056922,0.475,2
15614,2792856,0.0965934056922,0.475,2
15634,2797633,0.101450069405,0.455,1
15636,2798157,0.116257178187,0.73,2
15661,2803324,0.0964715673354,0.395,2
15696,2808870,0.106506840347,0.445,2
15715,2812303,0.0955644789856,0.39,2
15765,2818275,0.094015896262,0.405,2
15790,2821083,0.0688586230255,0.805,2
15801,2821976,0.0688586230255,0.805,2
15812,2822933,0.0718943753881,0.515,2
15820,2823875,0.069559688856,0.52,2
15860,2828764,0.0637242108431,0.52,2
15862,2828857,0.0637242108431,0.52,2
15868,2829396,0.0690412114204,0.51,2
15872,2830327,0.0731918640278,0.5,2
15892,2833548,0.100751118486,0.39,1
15948,2842253,0.105834684605,0.5,2
15950,2842592,0.105834684605,0.5,2
15964,2845450,0.108210882647,0.495,2
15967,2845724,0.108210882647,0.495,2
15968,2845747,0.108210882647,0.495,2
15972,2846520,0.109909432629,0.48,2
15973,2846737,0.102685424588,0.295,1
15989,2848719,0.0921240347788,0.515,2
15995,2849721,0.0921240347788,0.515,2
16017,2853791,0.101025407436,0.43,2
16034,2855953,0.0865178170631,0.46,2
16057,2860192,0.0424692066562,0.505,2
16059,2860955,0.0336588390499,0.55,2
16071,2862108,0.0336588390499,0.55,2
16100,2865527,0.0927957737893,0.325,1
16104,2866296,0.0946086307942,0.325,2
16105,2866424,0.032153954014,0.58,2
16108,2866571,0.032153954014,0.58,2
16127,2869281,0.032153954014,0.58,2
16146,2872831,0.0946086307942,0.325,2
16175,2877922,0.0547881279729,0.33,2
16180,2879007,0.04395996704,0.46,2
16200,2884326,0.0379214956722,0.405,2
16209,2885797,0.0379214956722,0.405,2
16220,2887197,0.0265195589123,0.46,2
16237,2889449,0.0246307048472,0.465,2
16248,2891615,0.0383503640035,0.36,2
16269,2896104,0.0399135421337,0.335,2
16287,2898845,0.040487048328,0.33,2
16309,2902274,0.049424864825,0.48,2
16455,2927622,0.0402942729346,0.41,2
16457,2928241,0.0402942729346,0.41,2
16479,2931555,0.0475223355598,0.36,2
16481,2932020,0.0522866580681,0.355,2
16484,2932555,0.0475223355598,0.36,2
16488,2933287,0.0475223355598,0.36,2
16491,2933700,0.0475223355598,0.36,2
16494,2934435,0.058501176756,0.305,1
16500,2935681,0.0559249865462,0.315,2
16502,2935963,0.0446765349426,0.365,2
16508,2937490,0.0532203436694,0.34,2
16511,2937870,0.0532203436694,0.34,2
16548,2945520,0.0561000274448,0.6,2
16551,2946921,0.0474974771889,0.5,2
16556,2947807,0.0493976064628,0.53,2
16581,2953761,0.0487018897966,0.48,2
16582,2953817,0.0487018897966,0.48,2
16583,2954181,0.0487018897966,0.48,2
16586,2955061,0.0773198999698,0.265,1
16616,2961256,0.0545753817682,0.465,2
16648,2968573,0.036423239898,0.46,2
16665,2972253,0.0528018170396,0.27,2
16673,2974460,0.0365230198846,0.415,2
16720,2982293,0.0539887481021,0.365,1
16778,2993372,0.0542147468384,0.27,2
16796,2996367,0.0542147468384,0.27,2
16804,2997084,0.049738655299,0.42,2
16806,2997866,0.049738655299,0.42,2
16807,2997985,0.049738655299,0.42,2
16811,2998693,0.0462284030481,0.43,2
16812,2998755,0.0462284030481,0.43,2
16817,3000248,0.0462284030481,0.43,2
16832,3003663,0.0462284030481,0.43,2
16838,3004308,0.0462284030481,0.43,2
16845,3005124,0.0462284030481,0.43,2
16873,3009680,0.0319091867222,0.39,2
16879,3010351,0.0319091867222,0.39,2
16918,3018431,0.0441653955517,0.54,1
16965,3027285,0.0307668175496,0.54,2
16967,3027378,0.0329475222132,0.535,2
16969,3027698,0.0177843236135,0.66,2
16971,3028218,0.0177843236135,0.66,2
16985,3030132,0.0684172643683,0.245,2
17105,3051457,0.0645580832424,0.225,2
17120,3055199,0.0374162183055,0.3,2
17126,3056945,0.0374162183055,0.3,2
17128,3057005,0.0374162183055,0.3,2
17130,3057461,0.0374162183055,0.3,2
17134,3059453,0.0278944098075,0.35,2
17135,3059676,0.0673512687603,0.215,1
17142,3060963,0.0278944098075,0.35,2
17163,3064836,0.0325851597456,0.315,2
17204,3069416,0.0673512687603,0.215,2
17205,3069500,0.0139721716373,0.485,2
17206,3069764,0.0139721716373,0.485,2
17207,3069850,0.0139721716373,0.485,2
17299,3083136,0.0282220890423,0.315,2
17307,3083743,0.0668726582379,0.21,1
17367,3093976,0.0313132306023,0.41,2
17378,3096612,0.0173654870016,0.56,2
17381,3097019,0.0173654870016,0.56,2
17406,3101248,0.0589677281837,0.28,2
17409,3101820,0.0513247028175,0.305,2
17418,3103130,0.0525481136058,0.3,2
17420,3103767,0.0221364652517,0.565,2
17421,3103798,0.0221364652517,0.565,2
17427,3104896,0.0525481136058,0.3,2
17444,3108950,0.0278407907156,0.51,2
17460,3112341,0.0556649515781,0.28,2
17500,3117718,0.0577198574223,0.275,1
17521,3120183,0.048549976363,0.305,2
17538,3121936,0.0445937600483,0.31,2
17546,3122817,0.0577198574223,0.275,2
17551,3124179,0.0146195260248,0.695,2
17568,3126716,0.0577198574223,0.275,2
17622,3135277,0.027074149764,0.475,2
17624,3135579,0.027074149764,0.475,2
17663,3142670,0.0205572942617,0.46,2
17671,3144368,0.0185266628354,0.515,2
17766,3158148,0.00887264645937,0.48,2
17780,3161460,0.0106282942875,0.635,2
17782,3161714,0.0106282942875,0.635,2
17783,3161754,0.0106282942875,0.635,2
17785,3161971,0.00934334719422,0.52,2
17794,3163054,0.00934334719422,0.52,2
17796,3163328,0.0101016798912,0.535,2
17798,3163940,0.00420182703696,0.67,2
17804,3164449,0.0143926224662,0.525,2
17823,3167567,0.026533690633,0.425,2
17831,3169738,0.0483865648481,0.23,1
17832,3170037,0.00777492859562,0.545,2
17866,3178778,0.0374573258699,0.24,2
17904,3186361,0.0626503412672,0.185,2
17921,3189766,0.0200926350476,0.49,2
17928,3190789,0.0200661986831,0.505,2
17933,3193893,0.0536507464635,0.175,1
17966,3200891,0.0536507464635,0.175,2
18020,3214522,0.00577248304735,0.735,2
18025,3215785,0.0058392776399,0.79,2
18029,3216295,0.0058392776399,0.79,2
18036,3217385,0.0077049044364,0.79,2
18061,3224374,0.0172617559848,0.06,1
18093,3234558,0.0172617559848,0.06,2
18098,3236266,0.015677153042,0.39,2
18101,3237433,0.0170147468614,0.385,2
18105,3238306,0.0144700380847,0.38,2
18118,3241142,0.0221295524342,0.275,2
18119,3241302,0.0140646659621,0.385,2
18128,3242675,0.0148989309142,0.38,2
18129,3242991,0.0172617559848,0.06,2
18130,3243378,0.0140646659621,0.385,2
18148,3245048,0.0065616248684,0.07,2
18159,3247159,0.0250580971652,0.25,2
18160,3247190,0.0140646659621,0.385,2
18167,3248004,0.0140646659621,0.385,2
18168,3248064,0.0140646659621,0.385,2
18185,3250503,0.0316003227116,0.125,2
18236,3258717,0.0344243036796,0.13,2
18257,3263675,0.0181846963805,0.945,2
18258,3263740,0.0211373240472,0.375,2
18263,3264128,0.0181846963805,0.945,2
18269,3265535,0.0156553210973,0.935,2
18300,3273210,0.0189217929401,0.055,2
18306,3274389,0.00732222870545,0.915,2
18308,3275044,0.00732222870545,0.915,2
18310,3275860,0.0258346195132,0.115,1
18334,3278670,0.0258346195132,0.115,2
18342,3280230,0.0258346195132,0.115,2
18378,3286820,0.0258346195132,0.115,2
18391,3288701,0.00121904990084,0.655,2
18394,3289278,0.0258346195132,0.115,2
18400,3290092,0.0203701308144,0.12,2
18404,3290309,0.00442498400749,0.06,2
18475,3301575,0.0258346195132,0.115,2
18479,3301985,0.0258346195132,0.115,2
18486,3303233,0.0258346195132,0.115,2
18490,3304213,0.0258346195132,0.115,2
18496,3305476,0.00759534588702,0.055,1
18520,3310717,0.00269225183738,0.065,2
18526,3312671,0.00269225183738,0.065,2
18674,3345731,0.0189042923014,0.165,1
18679,3346364,0.0189042923014,0.165,2
18680,3346398,0.0189042923014,0.165,2
18681,3346435,0.0189042923014,0.165,2
18683,3346731,0.0189042923014,0.165,2
18684,3346981,0.0189042923014,0.165,2
18690,3347344,0.0189042923014,0.165,2
18700,3349941,0.00437763474096,0.275,2
18704,3350439,0.0189042923014,0.165,2
18706,3350688,0.00437763474096,0.275,2
18712,3351566,0.0189042923014,0.165,2
18715,3352225,0.0189042923014,0.165,2
18726,3355624,0.00819135190766,0.055,1
18755,3360220,0.0178036436873,0.71,2
18874,3381202,0.0241536593595,0.105,2
18886,3383311,0.0241536593595,0.105,2
18941,3393562,0.00382710174786,0.24,2
18945,3394831,0.00383963472662,0.565,2
18951,3395166,0.00383963472662,0.565,2
18963,3397513,0.00360930296971,0.595,2
18975,3399344,0.00579833410396,0.865,2
18977,3399502,0.00579833410396,0.865,2
18978,3399531,0.00579833410396,0.865,2
18981,3399912,0.00579833410396,0.865,2
18987,3400424,0.00579833410396,0.865,2
18989,3400604,0.0106576213287,0.355,1
18994,3403012,0.00583231841435,0.865,2
18997,3403648,0.00583231841435,0.865,2
19012,3405733,0.00352093882389,0.585,2
19014,3405803,0.00352093882389,0.585,2
19017,3406180,0.0358468338836,0.09,2
19077,3416086,0.00664633122404,0.05,2
19099,3420900,0.00245523594034,0.235,2
19137,3427867,0.00327516793624,0.41,2
19139,3428037,0.00582279631605,0.91,2
19151,3429108,0.00327516793624,0.41,2
19165,3431654,0.00132024744511,0.59,2
19173,3432531,0.00286249400369,0.3,2
19203,3437806,0.00238045604385,0.58,2
19205,3438181,0.0221541075983,0.11,2
19207,3438795,0.0221541075983,0.11,2
19211,3439314,0.0221541075983,0.11,2
19215,3440253,0.0034157256032,0.255,2
19218,3440471,0.00664633122404,0.05,2
19222,3441867,0.0221541075983,0.11,2
19229,3443360,0.00664633122404,0.05,2
19246,3448114,0.0315731559984,0.095,1
19247,3448200,0.0221541075983,0.11,2
19260,3450349,0.00347825785328,0.24,1
19284,3453819,0.0221541075983,0.11,2
19323,3458594,0.00265295932653,0.275,2
19328,3458880,0.00265295932653,0.275,2
19331,3459113,0.00265295932653,0.275,2
19333,3459345,0.00265295932653,0.275,2
19335,3460422,0.0221541075983,0.11,2
19341,3461081,0.00265295932653,0.275,2
19364,3464210,0.0221541075983,0.11,2
19376,3466027,0.00804938080226,0.9,2
19377,3466406,0.00804938080226,0.9,2
19391,3469115,0.00396813280227,0.84,2
19410,3472400,0.0315731559984,0.095,1
19434,3475627,0.00622687712411,0.05,2
19449,3479013,0.0221541075983,0.11,2
19450,3479394,0.0205190312865,0.115,2
19457,3481260,0.0205190312865,0.115,2
19461,3482021,0.0315731559984,0.095,2
19462,3482032,0.0315731559984,0.095,2
19482,3486545,0.026820249439,0.1,2
19521,3491444,0.0019653882547,0.365,2
19525,3491941,0.0019653882547,0.365,2
19545,3494002,0.00712067274424,0.045,2
19570,3499089,0.00276865971604,0.21,2
19673,3512668,0.0023541376054,0.03,1
19695,3517723,0.0023541376054,0.03,2
19698,3518161,0.00236165828931,0.28,2
19699,3518509,0.00286426362694,0.2,1
19702,3518751,0.00236165828931,0.28,2
19716,3521367,0.00270891685324,0.195,2
19721,3521540,0.00106374612009,0.1,2
19731,3523535,0.00386766677737,0.055,2
19732,3523599,0.00156790419802,0.615,2
19744,3525814,0.00161298302939,0.65,2
19746,3526105,0.0118748970843,0.045,2
19768,3531826,0.00182725601248,0.565,2
19776,3533010,0.000841958073617,0.185,2
19784,3534192,0.00182725601248,0.565,2
19792,3535775,0.00235083791237,0.375,2
19800,3536609,0.00120393151185,0.1,2
19809,3537945,0.00120393151185,0.1,2
19811,3538452,0.00120393151185,0.1,2
19820,3539307,0.000629297654041,0.37,2
19824,3539823,0.000655676492542,0.31,2
19832,3541470,0.00040209786923,0.08,2
19837,3542406,0.00203313423584,0.31,2
19841,3543999,0.0021169968614,0.515,2
19842,3544074,0.000822193659402,0.085,2
19846,3545062,0.00317369921585,0.51,1
19850,3545298,0.00317369921585,0.51,2
19852,3545414,0.00317369921585,0.51,2
19854,3545909,0.00317369921585,0.51,2
19866,3548479,0.00215761865376,0.555,2
19920,3555928,0.00342655690757,0.165,2
19935,3557919,0.00904856170828,0.025,2
20015,3570384,0.00386667658544,0.02,2
20056,3579043,0.00192758660464,0.065,2
20063,3580322,0.000693697858481,0.66,2
20073,3581468,0.00113526532627,0.075,2
20083,3583800,0.000616548007274,0.105,2
20086,3584112,0.000327916742327,0.49,2
20088,3584527,0.000327916742327,0.49,2
20090,3584614,0.000327916742327,0.49,2
20092,3584751,0.0083859998813,0.11,2
20099,3585824,0.000616548007274,0.105,2
20102,3586447,0.00123917708958,0.075,2
20124,3591221,0.0083859998813,0.11,2
20126,3591572,0.000988563697062,0.18,1
20134,3593306,0.00113526532627,0.075,2
20137,3593763,0.000616548007274,0.105,2
20161,3597864,0.00137032970058,0.315,2
20162,3597865,0.00137032970058,0.315,2
20163,3597910,0.00137032970058,0.315,2
20167,3598135,0.000789050663202,0.22,2
20174,3598706,0.000789050663202,0.22,2
20263,3612675,0.00141940494435,0.31,2
20273,3614635,0.00141940494435,0.31,2
20282,3616348,0.0116767859365,0.105,2
20291,3618555,0.00120777633726,0.135,1
20301,3620116,0.0116767859365,0.105,2
20326,3623784,0.0151656776306,0.755,2
20344,3625858,0.00234331565089,0.505,2
20353,3627957,0.00451619674758,0.795,1
20356,3628474,0.00106140599934,0.73,2
20367,3630312,0.00148475169629,0.69,2
20369,3630438,0.0139073603013,0.095,2
20378,3631613,0.00130573444916,0.675,2
20395,3633700,0.00195198968808,0.335,2
20411,3635306,0.00195198968808,0.335,2
20421,3636837,0.00344745553984,0.06,2
20433,3639014,0.0194182297603,0.03,2
20434,3639423,0.00155507779619,0.49,2
20439,3639745,0.00197159326288,0.345,2
20455,3642722,0.00103642713442,0.175,2
20459,3643089,0.00153842928778,0.35,2
20469,3644980,0.00984083997705,0.1,1
20471,3645183,0.00137005808843,0.425,2
20476,3646048,0.00137005808843,0.425,2
20484,3647215,0.00137005808843,0.425,2
20486,3647494,0.00137005808843,0.425,2
20507,3650832,0.00251470193274,0.035,2
20509,3651043,0.00203980033728,0.03,2
20515,3651788,0.000367065369313,0.33,2
20537,3655297,0.00203980033728,0.03,2
20543,3655812,0.00984083997705,0.1,2
20554,3657516,0.00203980033728,0.03,2
20568,3659107,0.00984083997705,0.1,1
20576,3660355,0.00984083997705,0.1,2
20680,3676332,0.000886240371898,0.05,2
20686,3677440,0.00550168643708,0.11,2
20692,3678137,0.00550168643708,0.11,2
20705,3680331,0.00550168643708,0.11,2
20716,3682336,0.00550168643708,0.11,2
20739,3686993,0.00226362909821,0.295,2
20741,3687410,0.00226362909821,0.295,2
20775,3695100,0.00150335051683,0.465,2
20784,3696847,0.00150335051683,0.465,2
20789,3698059,0.00292319457179,0.605,2
20792,3698700,0.00292319457179,0.605,2
20800,3699596,0.00292319457179,0.605,2
20805,3700534,0.00292319457179,0.605,2
20823,3705384,0.00723703502812,0.91,2
20852,3710448,0.00271730941016,0.4,2
20863,3712073,0.00242580105324,0.605,2
20864,3712111,0.00242580105324,0.605,2
20865,3712151,0.0188059097119,0.09,1
20867,3712756,0.00216822628266,0.61,2
20869,3712914,0.00228039879869,0.605,2
20872,3713308,0.00228039879869,0.605,2
20874,3713546,0.00228039879869,0.605,2
20899,3719764,0.00241179908695,0.405,2
20913,3723416,0.00268851636263,0.4,2
20921,3724727,0.00325372873465,0.38,2
20923,3724970,0.00325372873465,0.38,2
20930,3727704,0.00354056764705,0.39,2
21041,3747995,0.00377602834976,0.895,2
21047,3749034,0.00377602834976,0.895,2
21055,3750373,0.00352932810913,0.875,2
21060,3751223,0.00352932810913,0.875,2
21075,3752828,0.00217801307387,0.72,2
21210,3772088,0.0125196198519,0.775,2
21224,3775039,0.0108538880724,0.79,2
21242,3780326,0.0104322211506,0.615,2
21243,3780367,0.0024042789405,0.065,1
21249,3781695,0.00879024021114,0.645,1
21251,3782115,0.00879024021114,0.645,2
21260,3783267,0.00879024021114,0.645,2
21263,3783751,0.00942693736485,0.78,2
21267,3784041,0.00942693736485,0.78,2
21278,3785557,0.00942693736485,0.78,2
21280,3785788,0.00587423276339,0.79,2
21285,3786359,0.00587423276339,0.79,2
21286,3786412,0.00587423276339,0.79,2
21287,3786678,0.00587423276339,0.79,2
21291,3787113,0.00587423276339,0.79,2
21299,3788109,0.00587423276339,0.79,2
21300,3788160,0.00587423276339,0.79,2
21303,3788517,0.00209057687551,0.04,1
21304,3788659,0.00587423276339,0.79,2
21306,3789202,0.00587423276339,0.79,2
21340,3794192,0.00228732146938,0.505,2
21341,3794461,0.00175168529496,0.41,2
21350,3795524,0.0024042789405,0.065,2
21358,3797093,0.003565870169,0.07,2
21369,3798298,0.0086127118292,0.8,2
21378,3798963,0.003565870169,0.07,2
21459,3812398,0.00115019562796,0.465,2
21463,3813807,0.00115019562796,0.465,2
21474,3815958,0.000759809023167,0.445,2
21490,3818713,0.00097452931823,0.28,2
21491,3818732,0.000840493814787,0.735,2
21500,3819976,0.00157320348302,0.915,2
21501,3820094,0.00157320348302,0.915,2
21502,3820277,0.00157320348302,0.915,2
21515,3821542,0.00154535602738,0.605,1
21517,3821733,0.00154535602738,0.605,2
21519,3821818,0.00154535602738,0.605,2
21531,3825360,0.000951667533536,0.395,2
21532,3825413,0.00194755042851,0.21,2
21569,3831278,0.003565870169,0.07,2
21574,3832237,0.00148661298423,0.215,2
21579,3833026,0.00146918960497,0.21,2
21592,3835172,0.00146918960497,0.21,2
21596,3835636,0.00337211056749,0.07,2
21601,3836422,0.000922732564984,0.03,2
21672,3852600,0.00309472423407,0.03,2
21676,3853085,0.000557111669129,0.365,2
21677,3853261,0.00309472423407,0.03,2
21697,3856487,0.000922732564984,0.03,2
21801,3874642,0.000459974799627,0.145,2
21806,3875153,0.00231403543241,0.05,1
21816,3879070,0.00103349320332,0.065,1
21829,3881273,0.00829336912029,0.84,2
21830,3881274,0.000549223474517,0.335,2
21833,3881579,0.00829336912029,0.84,2
21843,3882410,0.00829336912029,0.84,2
21845,3883196,0.00829336912029,0.84,2
21847,3883421,0.00580372269961,0.845,2
21855,3884224,0.000549223474517,0.335,2
21857,3884817,0.000618238838828,0.33,2
21862,3885699,0.000579064351498,0.725,2
21866,3886685,0.000579064351498,0.725,2
21869,3887133,0.000579064351498,0.725,2
21874,3887743,0.000579064351498,0.725,2
21875,3887787,0.000579064351498,0.725,2
21876,3888104,0.000579064351498,0.725,2
21877,3888219,0.000579064351498,0.725,2
21911,3896379,0.00705621356028,0.025,1
21922,3898918,0.00321801000754,0.08,2
21926,3899057,0.000519130955788,0.475,2
21941,3902099,0.00321801000754,0.08,2
21957,3904304,0.00553983352928,0.04,2
21960,3904792,0.00705621356028,0.025,2
21963,3905351,0.00553983352928,0.04,2
21966,3905896,0.000370123743994,0.02,2
22007,3912209,0.000370123743994,0.02,2
22013,3913358,0.00213445637337,0.085,2
22015,3913499,0.00555791553718,0.025,2
22016,3913520,0.00553983352928,0.04,2
22036,3916685,0.00213445637337,0.085,2
22058,3919737,0.00553983352928,0.04,2
22071,3921096,0.000370123743994,0.02,2
22077,3921563,0.00553983352928,0.04,2
22123,3930361,0.000922732564984,0.03,2
22126,3930639,0.00236117811099,0.05,2
22144,3936074,0.00236117811099,0.05,2
22158,3938061,0.00375988564614,0.03,2
22202,3949090,0.0194182297603,0.03,2
22219,3952320,0.00141844007683,0.035,2
22229,3954221,0.000345513890419,0.765,2
22231,3954701,0.000345513890419,0.765,2
22232,3954714,0.000345513890419,0.765,2
22242,3956299,0.000635778393948,0.785,2
22246,3957007,0.000631392660401,0.79,2
22248,3957287,0.000631392660401,0.79,2
22249,3957374,0.000631392660401,0.79,2
22255,3957931,0.000521819611762,0.795,2
22258,3958695,0.00185000090999,0.87,2
22263,3959046,0.00185000090999,0.87,2
22266,3959350,0.00185000090999,0.87,2
22269,3960687,0.00185000090999,0.87,2
22270,3960805,0.00185000090999,0.87,2
22274,3961213,0.000541310700209,0.03,2
22278,3961367,0.00168178418925,0.865,1
22293,3963272,0.0194182297603,0.03,2
22364,3972923,0.000254556408248,0.2,2
22393,3978380,0.00113555976259,0.25,2
22395,3978631,0.00113555976259,0.25,2
22397,3978895,0.00113555976259,0.25,2
22404,3981048,0.000744492664453,0.28,2
22422,3984758,0.000665205085171,0.18,1
22430,3985871,0.000665205085171,0.18,2
22439,3987686,0.00797176182868,0.06,2
22441,3988312,0.000390050167625,0.725,2
22443,3988543,0.000665205085171,0.18,2
22446,3988897,0.000390050167625,0.725,2
22459,3989697,0.000329827191577,0.385,2
22466,3990135,0.000593419386664,0.025,2
22502,3994693,0.000843487628653,0.115,2
22510,3995394,0.000593419386664,0.025,2
22522,3996920,0.000310913355493,0.065,2
22531,3998219,0.000361935996658,0.315,2
22534,3998717,0.000843487628653,0.115,2
22567,4003098,0.00079926208503,0.725,2
22568,4003416,0.000609302945633,0.695,2
22576,4004323,0.00194329594774,0.86,2
22577,4004698,0.00194329594774,0.86,2
22578,4004992,0.00167405489801,0.195,1
22583,4005786,0.00194329594774,0.86,2
22584,4005800,0.00194329594774,0.86,2
22586,4005984,0.000481439599416,0.37,2
22588,4006196,0.00194329594774,0.86,2
22601,4008571,0.00193420597676,0.865,2
22607,4009794,0.00267780302065,0.07,2
22612,4010955,0.00193420597676,0.865,2
22638,4014058,0.00112524885125,0.225,2
22669,4017621,0.00200023537382,0.03,2
22695,4021791,0.00105326443417,0.1,2
22701,4023413,0.00200023537382,0.03,2
22703,4023532,0.0015240263463,0.455,2
22757,4030036,0.00797176182868,0.06,1
22773,4033562,0.00144650160105,0.515,2
22788,4036771,0.00262951645452,0.22,1
22822,4041311,0.00184577909143,0.485,2
22828,4041592,0.00184577909143,0.485,2
22833,4041946,0.00184577909143,0.485,2
22839,4042992,0.00184577909143,0.485,2
22840,4043539,0.00235244193858,0.11,2
22844,4044879,0.00184577909143,0.485,2
22859,4046336,0.00184577909143,0.485,2
22875,4047935,0.00184577909143,0.485,2
22877,4048045,0.00184577909143,0.485,2
22881,4048439,0.0012304197932,0.67,2
22888,4048929,0.00184577909143,0.485,2
22925,4054184,0.00153139993033,0.48,2
22949,4060255,0.00271268820199,0.6,2
22950,4060317,0.0026154647799,0.525,2
22958,4062301,0.00179132128291,0.63,2
22986,4064744,0.00249900090912,0.46,2
22992,4065907,0.00235561911624,0.035,2
23007,4067401,0.00225701564669,0.47,2
23043,4072775,0.00248147300595,0.575,2
23052,4074804,0.00212139822856,0.255,1
23059,4075908,0.00175386072685,0.265,2
23060,4075929,0.00235561911624,0.035,2
23063,4076800,0.00175386072685,0.265,2
23064,4077308,0.00175386072685,0.265,2
23128,4088849,0.0018859750761,0.3,2
23139,4091581,0.00190231633855,0.61,2
23145,4093071,0.00201644951304,0.28,2
23147,4093123,0.0023899567446,0.58,2
23148,4093188,0.00198539278936,0.295,1
23151,4093711,0.00201644951304,0.28,2
23152,4094041,0.000603339191263,0.075,1
23166,4096969,0.00201644951304,0.28,2
23168,4097154,0.00170704052916,0.55,2
23169,4097168,0.00201644951304,0.28,2
23264,4114026,0.00154696616231,0.28,2
23282,4116377,0.0022414117796,0.16,2
23299,4119730,0.00160621747684,0.315,2
23329,4126540,0.000243296530383,0.025,2
23346,4129722,0.000379898905547,0.07,2
23367,4133583,0.000913911140254,0.38,2
23397,4138667,0.000408984223175,0.04,2
23401,4139483,0.000774140848493,0.145,2
23403,4139805,0.000251777191196,0.105,2
23407,4140061,0.00105421549682,0.195,2
23414,4141615,0.000562070226439,0.19,2
23424,4144496,0.00555791553718,0.025,2
23484,4156322,0.000672670641732,0.15,2
23487,4156895,0.000672670641732,0.15,2
23491,4157879,0.00555791553718,0.025,2
23498,4158466,0.00091380245178,0.035,1
23505,4160356,0.000646422231605,0.77,2
23508,4160826,0.0019587274446,0.795,2
23509,4160883,0.0019587274446,0.795,2
23517,4162163,0.00087727688563,0.13,2
23519,4162232,0.000320392462384,0.145,2
23524,4163744,0.00026021948353,0.165,2
23527,4164309,0.000583142921678,0.45,2
23535,4165905,0.000773048438386,0.085,2
23549,4168390,0.000258443145932,0.08,2
23578,4173056,0.00200023537382,0.03,2
23586,4174961,0.00555791553718,0.025,2
23662,4189495,0.00103598440004,0.05,1
23673,4191062,0.00280933684275,0.03,1
23680,4192588,0.00200023537382,0.03,2
23684,4192930,0.00200023537382,0.03,2
23690,4194313,0.000797387525614,0.51,2
23696,4195258,0.000797387525614,0.51,2
23731,4203242,0.00147397468276,0.025,2
23738,4205067,0.00224009966574,0.025,2
23774,4209766,0.000867042189588,0.485,2
23778,4210117,0.00141452203067,0.1,2
23779,4210138,0.00111533720753,0.195,2
23785,4210810,0.000826575474596,0.49,2
23788,4210993,0.000826575474596,0.49,2
23792,4211515,0.000863160001701,0.485,2
23799,4212627,0.000720377825854,0.205,2
23803,4212891,0.000919906810804,0.475,2
23805,4213209,0.00141452203067,0.1,2
23817,4214486,0.00151559279103,0.695,2
23818,4214502,0.00280933684275,0.03,1
23826,4216054,0.00141452203067,0.1,2
23834,4217669,0.00100610833024,0.72,2
23838,4218294,0.00100610833024,0.72,2
23840,4218463,0.00141452203067,0.1,2
23869,4223812,0.00147397468276,0.025,2
23870,4224067,0.000946324741475,0.785,2
23874,4224590,0.00063314393441,0.67,2
23875,4224758,0.00063314393441,0.67,2
23878,4225341,0.00063314393441,0.67,2
23892,4228127,0.00080015580117,0.055,2
23906,4230132,0.000649262724612,0.045,1
23908,4230215,0.000916988542489,0.09,2
23936,4235665,0.00080015580117,0.055,2
23938,4236050,0.000549976969491,0.525,2
23945,4236958,0.00167962886281,0.28,2
23986,4241971,0.00066800828017,0.045,2
24012,4245764,0.00066800828017,0.045,2
24013,4246050,0.00066800828017,0.045,2
24019,4247399,0.00066800828017,0.045,2
24026,4249385,0.00155592870215,0.135,2
24041,4251872,0.00800621629117,0.02,2
24071,4256735,0.000782426624285,0.03,2
24083,4258906,0.00200023537382,0.03,2
24099,4261690,0.00145663634887,0.38,2
24116,4263747,0.00233191790575,0.24,1
24118,4264065,0.00233191790575,0.24,2
24135,4267126,0.00135592009481,0.315,2
24157,4269955,0.00188710296747,0.53,2
24162,4270494,0.00188710296747,0.53,2
24163,4270529,0.00188710296747,0.53,2
24166,4270733,0.00188710296747,0.53,2
24170,4271385,0.00166320878348,0.495,2
24224,4283718,0.00108542505816,0.26,2
24228,4284483,0.000242105766816,0.49,2
24229,4284489,0.00126695439274,0.255,2
24274,4291528,0.00135250686837,0.245,2
24290,4294414,0.00179647548797,0.12,1
24351,4303314,0.00240721404646,0.55,2
24353,4303449,0.00240721404646,0.55,2
24360,4303873,0.00240721404646,0.55,2
24363,4304104,0.00240721404646,0.55,2
24364,4304144,0.00240721404646,0.55,2
24366,4304415,0.00240721404646,0.55,2
24369,4304709,0.00272834306542,0.375,2
24419,4308977,0.00189695445547,0.635,2
24421,4309099,0.00195060806222,0.645,2
24424,4309430,0.00195060806222,0.645,2
24427,4309623,0.00195060806222,0.645,2
24428,4309812,0.00260253515773,0.385,2
24430,4310208,0.00241713988661,0.73,2
24431,4310515,0.00325909275191,0.745,2
24454,4313390,0.00398028953151,0.64,2
24467,4315225,0.00414869902085,0.73,2
24469,4315685,0.00243166875034,0.48,2
24519,4324005,0.00226235950221,0.115,2
24579,4334837,0.00419167708665,0.79,2
24596,4337951,0.00377128162722,0.815,2
24599,4338225,0.00190633252632,0.145,1
24617,4344363,0.00281670766169,0.615,2
24636,4348291,0.00193315520687,0.675,2
24645,4350082,0.00197073677353,0.65,2
24648,4350535,0.00170645067944,0.615,2
24659,4352942,0.00199928495208,0.345,2
24669,4354378,0.00235312928545,0.535,2
24671,4354686,0.00172186593334,0.595,2
24682,4357135,0.00212800581531,0.335,2
24686,4358377,0.00199824958197,0.605,2
24692,4358986,0.00199824958197,0.605,2
24726,4367385,0.00271396066034,0.06,1
24734,4369255,0.00176029117033,0.375,2
24755,4373331,0.00218356347765,0.07,2
24762,4374904,0.00299954246391,0.645,2
24769,4377399,0.0075438391754,0.72,2
24772,4378348,0.00228873147238,0.16,2
24778,4379134,0.0112631931412,0.74,1
24780,4379540,0.00344869718604,0.57,2
24786,4379925,0.00419468048137,0.055,1
24788,4380677,0.00344869718604,0.57,2
24790,4381550,0.00344869718604,0.57,2
24791,4381863,0.00344869718604,0.57,2
24843,4392068,0.00218356347765,0.07,2
24866,4397005,0.00218356347765,0.07,2
24874,4399464,0.00218356347765,0.07,2
24880,4400573,0.00271396066034,0.06,2
24893,4402297,0.00218356347765,0.07,2
24921,4406420,0.00065524275626,0.65,2
24943,4413376,0.00218356347765,0.07,2
24979,4420786,0.00218356347765,0.07,2
25020,4429938,0.000272503505648,0.025,2
25052,4436855,0.000981046344553,0.065,2
25068,4439383,0.00419468048137,0.055,2
25098,4449192,0.000519303580443,0.16,2
25124,4456915,0.00278916075188,0.12,2
25129,4457392,0.00278916075188,0.12,2
25137,4459100,0.00177545979763,0.085,1
25141,4459523,0.000661532651524,0.155,1
25153,4462974,0.000981046344553,0.065,2
25196,4471105,0.00169238254091,0.675,2
25200,4471558,0.0017065715825,0.705,2
25207,4473172,0.00125548200498,0.1,2
25223,4475784,0.00180187376454,0.85,2
25224,4475958,0.00180187376454,0.85,2
25229,4476427,0.00180187376454,0.85,2
25237,4477584,0.00180187376454,0.85,2
25240,4477794,0.00180187376454,0.85,2
25241,4477800,0.00180187376454,0.85,2
25242,4477965,0.00180187376454,0.85,2
25244,4477994,0.00180187376454,0.85,2
25246,4478272,0.00180187376454,0.85,2
25250,4478617,0.00180187376454,0.85,2
25268,4483169,0.0013893477065,0.09,2
25284,4488095,0.00192221071882,0.855,1
25298,4490776,0.00106485215421,0.04,2
25303,4491261,0.00115398163866,0.815,2
25307,4492464,0.00403947670485,0.11,2
25308,4492652,0.00115398163866,0.815,2
25323,4496646,0.00106485215421,0.04,2
25337,4498984,0.00141093068289,0.875,2
25380,4508218,0.000880455098108,0.095,2
25394,4511607,0.000880455098108,0.095,2
25407,4513644,0.00121808235405,0.08,1
25439,4519267,0.00131627752635,0.865,2
25452,4521926,0.00131627752635,0.865,2
25483,4527084,0.00113406432882,0.525,2
25491,4528466,0.000990249225739,0.535,2
25492,4528585,0.00111101531591,0.51,2
25500,4530220,0.000901668621325,0.6,2
25501,4530387,0.000901668621325,0.6,2
25515,4532690,0.00468591149631,0.03,2
25516,4532985,0.00108354955955,0.51,2
25517,4532995,0.00104339017193,0.575,2
25521,4533842,0.00103307559959,0.145,2
25527,4535439,0.00104339017193,0.575,2
25531,4536309,0.00108354955955,0.51,2
25533,4536413,0.00104339017193,0.575,2
25551,4539545,0.00104339017193,0.575,2
25560,4542163,0.000608023243173,0.865,2
25627,4553786,0.000956497252895,0.6,1
25632,4554941,0.000732753871758,0.565,2
25635,4555693,0.000732753871758,0.565,2
25645,4556945,0.000465068021233,0.62,2
25647,4557814,0.000465068021233,0.62,2
25657,4559194,0.00044670604112,0.73,2
25660,4559445,0.00204360565438,0.02,2
25662,4559692,0.000222726199944,0.045,2
25668,4560614,0.000674130118595,0.04,2
25700,4564569,0.000750172339921,0.09,2
25710,4565660,0.000881023620886,0.1,2
25727,4566758,0.00425596195452,0.855,2
25728,4566920,0.00425596195452,0.855,2
25731,4567603,0.00175746121792,0.815,2
25793,4574634,0.00139153853452,0.045,2
25811,4576950,0.000939619380823,0.08,2
25839,4580927,0.000881023620886,0.1,2
25888,4589869,0.00125298855478,0.295,2
25896,4590947,0.000572565663967,0.1,2
25903,4591557,0.00109086379606,0.385,2
25911,4592658,0.000572565663967,0.1,2
25912,4592672,0.0018475212973,0.785,1
25914,4592773,0.00101026521284,0.41,2
25945,4596937,0.0015361122532,0.84,2
25952,4598174,0.0014480655691,0.44,2
25955,4598737,0.00424890215956,0.09,2
25957,4599022,0.00170641844171,0.875,2
25962,4599993,0.00149794240535,0.855,2
25967,4600537,0.00149794240535,0.855,2
25968,4600778,0.00149794240535,0.855,2
25971,4601275,0.00163857380978,0.395,2
25979,4602925,0.00158846359341,0.845,1
25992,4605215,0.00176447298236,0.085,2
26004,4607117,0.00116942809688,0.59,2
26008,4607346,0.00146535365707,0.04,2
26029,4611204,0.00174392465294,0.595,2
26050,4615334,0.00146535365707,0.04,2
26058,4618003,0.00146535365707,0.04,2
26067,4619937,0.00121155831043,0.3,2
26070,4620397,0.00140276052363,0.235,2
26083,4622687,0.00140276052363,0.235,2
26088,4623215,0.00140276052363,0.235,2
26097,4624831,0.00146535365707,0.04,2
26130,4629350,0.00205039520719,0.06,2
26213,4638417,0.00168423512423,0.155,1
26254,4645993,0.000551424781581,0.48,2
26279,4651321,0.00108595073357,0.29,1
26287,4652785,0.00148036729846,0.195,2
26304,4655109,0.0011862169079,0.2,2
26310,4655670,0.00541145390477,0.865,2
26321,4657654,0.00157630885007,0.11,2
26351,4661970,0.00158757977923,0.035,2
26357,4662837,0.000955408493085,0.25,2
26382,4667053,0.00970708551064,0.89,2
26387,4667345,0.00970708551064,0.89,2
26388,4667494,0.00970708551064,0.89,2
26391,4667943,0.00970708551064,0.89,2
26392,4667961,0.00158757977923,0.035,2
26394,4668106,0.00148620571497,0.03,2
26395,4668140,0.00970708551064,0.89,2
26399,4668495,0.0118491536034,0.91,2
26406,4669235,0.00100872094759,0.225,2
26408,4669374,0.00100872094759,0.225,2
26425,4672048,0.000570726883603,0.1,2
26465,4678380,0.00129829865811,0.12,2
26468,4679213,0.00129829865811,0.12,2
26487,4681973,0.000872933930785,0.08,1
26494,4682314,0.00129829865811,0.12,2
26498,4682992,0.000781980749282,0.125,2
26510,4684480,0.000365833202499,0.03,2
26511,4684800,0.000781980749282,0.125,2
26516,4685354,0.000872933930785,0.08,2
26525,4687272,0.000409266095217,0.155,2
26527,4687489,0.000409266095217,0.155,2
26531,4687906,0.00100451967958,0.18,2
26561,4692274,0.0032407062507,0.035,2
26576,4694055,0.000468192617322,0.105,2
26580,4694396,0.000468192617322,0.105,2
26585,4695246,0.00204245975466,0.05,2
26589,4695562,0.00269872298507,0.1,2
26591,4695885,0.000670497147611,0.115,2
26593,4696051,0.000670497147611,0.115,2
26596,4696435,0.000670497147611,0.115,2
26604,4697550,0.000509002079258,0.585,2
26612,4698501,0.000554091387609,0.58,2
26625,4700240,0.000570311975158,0.43,2
26629,4700762,0.000552412352012,0.565,2
26635,4701634,0.000552412352012,0.565,2
26640,4701873,0.000602430815986,0.56,2
26644,4702149,0.000602430815986,0.56,2
26646,4702388,0.000602430815986,0.56,2
26648,4702546,0.000602430815986,0.56,2
26650,4702607,0.000602430815986,0.56,2
26679,4706678,0.000670497147611,0.115,2
26682,4707229,0.000872933930785,0.08,2
26692,4709046,0.000600547603927,0.1,2
26699,4709552,0.000822333816313,0.07,1
26707,4710145,0.000279937478201,0.065,2
26710,4710762,0.000522451283941,0.025,2
26711,4710950,0.00114158052302,0.035,2
26734,4714204,0.000640268986931,0.025,2
26758,4717202,0.000279937478201,0.065,2
26766,4718422,0.000279937478201,0.065,2
26824,4725896,0.000701330896127,0.02,2
26849,4729141,0.00114158052302,0.035,2
26885,4732724,0.0227324477376,0.035,1
26917,4737532,0.000110253070651,0.07,2
26921,4737814,0.000110253070651,0.07,2
26928,4738976,0.000851146630284,0.08,2
26948,4741366,0.00114158052302,0.035,2
26959,4742691,0.000851146630284,0.08,2
26997,4748227,0.000851146630284,0.08,2
27008,4749508,0.0012052519558,0.045,2
27039,4753442,0.00107774324098,0.895,2
27046,4754104,0.00118131448259,0.8,2
27054,4755343,0.00252431564141,0.795,2
27058,4756288,0.0227324477376,0.035,2
27067,4758035,0.00115190206899,0.89,2
27069,4758287,0.00049877128464,0.82,2
27071,4758464,0.00049877128464,0.82,2
27075,4759141,0.00049877128464,0.82,2
27078,4759519,0.00049877128464,0.82,2
27079,4759560,0.00049877128464,0.82,2
27097,4764042,0.00062743292094,0.63,2
27098,4764343,0.000660831471381,0.125,1
27134,4772536,0.000640268986931,0.025,2
27146,4774440,0.000640268986931,0.025,2
27151,4775431,0.000628620652011,0.435,2
27154,4776318,0.000628620652011,0.435,2
27163,4777599,0.000579268340625,0.185,2
27174,4779334,0.000866074770163,0.03,2
27176,4779621,0.0166434705734,0.04,1
27210,4782446,0.000456091374155,0.705,2
27211,4782490,0.000456091374155,0.705,2
27215,4782949,0.000441579638887,0.72,2
27216,4782970,0.000441579638887,0.72,2
27222,4783169,0.000527380017262,0.705,2
27226,4783588,0.000527380017262,0.705,2
27227,4783612,0.000527380017262,0.705,2
27228,4783772,0.000482244031362,0.685,2
27236,4784409,0.000502177580125,0.675,2
27242,4784873,0.000502177580125,0.675,2
27243,4784911,0.000502177580125,0.675,2
27244,4784943,0.000574536862922,0.175,2
27256,4785843,0.000502177580125,0.675,2
27372,4807309,0.000885340799263,0.71,2
27377,4808060,0.00090793788178,0.745,2
27378,4808185,0.00090793788178,0.745,2
27379,4808274,0.00090793788178,0.745,2
27382,4808379,0.000984618644372,0.63,2
27383,4808616,0.00090793788178,0.745,2
27386,4809098,0.00090793788178,0.745,2
27389,4809552,0.0020612117978,0.065,1
27404,4811545,0.00585492308717,0.77,2
27420,4814175,0.00196198040741,0.615,2
27422,4814269,0.00185074736489,0.66,2
27440,4817774,0.00104367417558,0.155,2
27443,4818310,0.000448361609962,0.055,2
27453,4819370,0.000686951119032,0.24,1
27464,4820824,0.000686951119032,0.24,2
27467,4821092,0.00193079818471,0.63,2
27472,4821637,0.00202115790433,0.61,2
27474,4821890,0.00202115790433,0.61,2
27487,4823063,0.00192819154562,0.4,2
27518,4827031,0.00035143860196,0.145,2
27591,4838161,0.000823527081468,0.13,2
27598,4838967,0.000502264527339,0.44,2
27622,4842356,0.0022504292218,0.12,2
27625,4842541,0.000869908306662,0.545,2
27627,4843169,0.000706294730665,0.135,2
27642,4846096,0.000706294730665,0.135,2
27655,4848361,0.00578047461935,0.895,2
27656,4848619,0.000483053438802,0.79,2
27658,4848882,0.000483053438802,0.79,2
27659,4848951,0.000483053438802,0.79,2
27677,4851489,0.00147423823973,0.06,2
27704,4854953,0.00259322825015,0.115,1
27720,4856363,0.00150730752839,0.15,2
27748,4861402,0.00142793562373,0.04,2
27808,4870817,0.0011197734724,0.19,2
27810,4871910,0.0011197734724,0.19,2
27812,4872116,0.0011197734724,0.19,2
27816,4872885,0.0011197734724,0.19,2
27855,4880026,0.00147423823973,0.06,2
27857,4880497,0.00157752078114,0.16,2
27878,4884316,0.00248728818404,0.12,1
27881,4884488,0.00157752078114,0.16,2
27910,4888738,0.00117553529135,0.275,2
27916,4889670,0.00248728818404,0.12,2
27938,4892815,0.00248728818404,0.12,2
27969,4898068,0.00258100450046,0.09,2
27970,4898165,0.000946184293338,0.215,2
27976,4899026,0.00122284239412,0.145,2
27983,4899662,0.00122284239412,0.145,2
27986,4899857,0.00122284239412,0.145,2
28024,4905428,0.001504824466,0.705,2
28027,4905466,0.001504824466,0.705,2
28041,4906276,0.0014512345351,0.56,2
28046,4906451,0.00207369692612,0.77,2
28047,4906460,0.00207369692612,0.77,2
28048,4906481,0.00207369692612,0.77,2
28050,4906553,0.00207369692612,0.77,2
28053,4906755,0.00207369692612,0.77,2
28055,4906825,0.00207369692612,0.77,2
28061,4908112,0.00258100450046,0.09,2
28065,4908813,0.00161233463619,0.725,2
28067,4909058,0.00161233463619,0.725,2
28083,4911796,0.00169014769933,0.755,2
28096,4914395,0.00348115503993,0.085,1
28143,4927428,0.00348115503993,0.085,2
28184,4938390,0.00127102755417,0.115,2
28187,4938609,0.00142793562373,0.04,2
28225,4945362,0.00948328963985,0.945,2
28234,4947281,0.00348115503993,0.085,2
28271,4953331,0.00241275728433,0.045,2
28279,4954507,0.00698424558436,0.945,2
28288,4955439,0.00698424558436,0.945,2
28291,4956096,0.00698424558436,0.945,2
28303,4957951,0.00698424558436,0.945,2
28360,4968261,0.00474216055134,0.035,1
28391,4975572,0.00128734312537,0.155,2
28424,4980588,0.00847140025859,0.94,2
28450,4985793,0.0148620557273,0.06,2
28484,4994431,0.00128734312537,0.155,2
28490,4995534,0.00128734312537,0.155,2
